New log file opened at Tue May 10 21:11:17 PDT 2016 by 39884@tsundere
Taking next connection to: 58914
New client attempting to connect on port: 58915-58914
  Address = /192.168.56.1:58914
This client on port 58915 has uuid baca7037-92ff-4b14-bb2c-66e1eb63b04e configName play-fork-run humanReadableName Play Fork Run protocolVersion 1 featureTags Vector()
Connected Clients: play-fork-run-baca7037-92ff-4b14-bb2c-66e1eb63b04e
Taking next connection to: 58914
New client attempting to connect on port: 58925-58914
  Address = /192.168.56.1:58914
Handshake exception on socket: 58925
sbt.impl.ipc.HandshakeException: Unable to perform handshake
	at sbt.impl.ipc.Peer.handshake(IPC.scala:46)
	at sbt.impl.ipc.MultiClientServer.<init>(IPC.scala:150)
	at sbt.server.SbtServerSocketHandler$$anon$1.run(SbtServerSocketHandler.scala:43)
Caused by: java.net.SocketException: Software caused connection abort: recv failed
	at java.net.SocketInputStream.socketRead0(Native Method)
	at java.net.SocketInputStream.read(SocketInputStream.java:150)
	at java.net.SocketInputStream.read(SocketInputStream.java:121)
	at java.io.BufferedInputStream.fill(BufferedInputStream.java:246)
	at java.io.BufferedInputStream.read(BufferedInputStream.java:265)
	at java.io.DataInputStream.readInt(DataInputStream.java:387)
	at sbt.impl.ipc.Peer.receive(IPC.scala:95)
	at sbt.impl.ipc.Peer.handshake(IPC.scala:49)
	... 2 more
Taking next connection to: 58914
New client attempting to connect on port: 58926-58914
  Address = /192.168.56.1:58914
This client on port 58926 has uuid 18278b4a-09b1-40ac-88d0-02f9b4adf58d configName play-fork-run humanReadableName Play Fork Run protocolVersion 1 featureTags Vector()
Connected Clients: play-fork-run-18278b4a-09b1-40ac-88d0-02f9b4adf58d
Taking next connection to: 58914
